1;34;D:\ćea.mq4;3:1;'version' - unknown property
2;75;D:\ćea.mq4;8:11;'INIT_SUCCEEDED' - variable not defined
2;118;D:\ćea.mq4;10:15;'const' - parameter definition expected
1;41;D:\ćea.mq4;13:1;'input' - expression on global scope not allowed
2;75;D:\ćea.mq4;13:1;'input' - variable not defined
2;80;D:\ćea.mq4;14:12;'Commssion' - initialization expected
2;100;D:\ćea.mq4;14:21;'*' - comma or semicolon expected
1;41;D:\ćea.mq4;15:1;'input' - expression on global scope not allowed
2;75;D:\ćea.mq4;15:1;'input' - variable not defined
2;80;D:\ćea.mq4;16:11;'StopLoss' - initialization expected
2;100;D:\ćea.mq4;16:19;'*' - comma or semicolon expected
1;41;D:\ćea.mq4;17:1;'input' - expression on global scope not allowed
2;75;D:\ćea.mq4;17:1;'input' - variable not defined
2;80;D:\ćea.mq4;18:11;'TakeProfit' - initialization expected
2;100;D:\ćea.mq4;18:21;'*' - comma or semicolon expected
1;41;D:\ćea.mq4;19:1;'input' - expression on global scope not allowed
2;75;D:\ćea.mq4;19:1;'input' - variable not defined
1;41;D:\ćea.mq4;20:1;'input' - expression on global scope not allowed
2;75;D:\ćea.mq4;20:1;'input' - variable not defined
1;41;D:\ćea.mq4;21:1;'input' - expression on global scope not allowed
2;75;D:\ćea.mq4;21:1;'input' - variable not defined
1;41;D:\ćea.mq4;22:1;'input' - expression on global scope not allowed
2;75;D:\ćea.mq4;22:1;'input' - variable not defined
2;80;D:\ćea.mq4;23:7;'max' - initialization expected
2;100;D:\ćea.mq4;23:10;'+' - comma or semicolon expected
1;41;D:\ćea.mq4;24:1;'input' - expression on global scope not allowed
2;75;D:\ćea.mq4;24:1;'input' - variable not defined
1;41;D:\ćea.mq4;25:1;'input' - expression on global scope not allowed
2;75;D:\ćea.mq4;25:1;'input' - variable not defined
2;80;D:\ćea.mq4;29:7;'min' - initialization expected
2;100;D:\ćea.mq4;29:10;'-' - comma or semicolon expected
2;80;D:\ćea.mq4;32:17;'Ask' - initialization expected
2;100;D:\ćea.mq4;32:21;'-' - comma or semicolon expected
2;78;D:\ćea.mq4;55:8;'iATR' - variable expected
2;78;D:\ćea.mq4;56:8;'iStdDev' - variable expected
2;78;D:\ćea.mq4;57:8;'iADX' - variable expected
2;78;D:\ćea.mq4;60:8;'iStochastic' - variable expected
2;78;D:\ćea.mq4;63:8;'iRVI' - variable expected
2;78;D:\ćea.mq4;64:8;'iAC' - variable expected
2;78;D:\ćea.mq4;65:8;'iForce' - variable expected
2;78;D:\ćea.mq4;66:8;'iOBV' - variable expected
2;78;D:\ćea.mq4;67:8;'iAD' - variable expected
2;78;D:\ćea.mq4;68:8;'iMFI' - variable expected
2;78;D:\ćea.mq4;69:8;'iMomentum' - variable expected
2;78;D:\ćea.mq4;71:8;'iWPR' - variable expected
2;78;D:\ćea.mq4;72:8;'iCCI' - variable expected
2;78;D:\ćea.mq4;73:8;'iRSI' - variable expected
2;100;D:\ćea.mq4;97:13;'*' - comma or semicolon expected
2;100;D:\ćea.mq4;98:13;'*' - comma or semicolon expected
2;100;D:\ćea.mq4;99:14;'*' - comma or semicolon expected
2;80;D:\ćea.mq4;125:9;'!' - initialization expected
2;100;D:\ćea.mq4;125:10;'ab' - comma or semicolon expected
2;80;D:\ćea.mq4;131:8;'cC' - initialization expected
2;80;D:\ćea.mq4;132:8;'Cc' - initialization expected
2;80;D:\ćea.mq4;135:9;'Cc' - initialization expected
2;80;D:\ćea.mq4;136:9;'Cc' - initialization expected
2;80;D:\ćea.mq4;137:14;'y' - initialization expected
2;100;D:\ćea.mq4;137:15;'+' - comma or semicolon expected
2;80;D:\ćea.mq4;138:14;'y' - initialization expected
2;100;D:\ćea.mq4;138:15;'+' - comma or semicolon expected
2;80;D:\ćea.mq4;139:14;'y' - initialization expected
2;100;D:\ćea.mq4;139:15;'+' - comma or semicolon expected
2;80;D:\ćea.mq4;140:14;'y' - initialization expected
2;100;D:\ćea.mq4;140:15;'+' - comma or semicolon expected
2;80;D:\ćea.mq4;142:14;'y' - initialization expected
2;100;D:\ćea.mq4;142:15;'+' - comma or semicolon expected
2;80;D:\ćea.mq4;143:14;'y' - initialization expected
2;100;D:\ćea.mq4;143:15;'+' - comma or semicolon expected
2;80;D:\ćea.mq4;158:15;'y' - initialization expected
2;100;D:\ćea.mq4;158:16;'+' - comma or semicolon expected
2;80;D:\ćea.mq4;159:15;'y' - initialization expected
2;100;D:\ćea.mq4;159:16;'+' - comma or semicolon expected
2;80;D:\ćea.mq4;160:15;'y' - initialization expected
2;100;D:\ćea.mq4;160:16;'+' - comma or semicolon expected
2;80;D:\ćea.mq4;161:15;'y' - initialization expected
2;100;D:\ćea.mq4;161:16;'+' - comma or semicolon expected
2;80;D:\ćea.mq4;162:15;'y' - initialization expected
2;100;D:\ćea.mq4;162:16;'+' - comma or semicolon expected
2;80;D:\ćea.mq4;163:15;'y' - initialization expected
2;100;D:\ćea.mq4;163:16;'+' - comma or semicolon expected
2;80;D:\ćea.mq4;165:7;'x' - initialization expected
2;80;D:\ćea.mq4;166:7;'x' - initialization expected
2;80;D:\ćea.mq4;167:7;'y' - initialization expected
2;80;D:\ćea.mq4;168:7;'y' - initialization expected
2;75;D:\ćea.mq4;217:5;'Z' - variable not defined
2;75;D:\ćea.mq4;217:7;'y' - variable not defined
2;75;D:\ćea.mq4;218:5;'z' - variable not defined
2;75;D:\ćea.mq4;218:7;'y' - variable not defined
2;75;D:\ćea.mq4;219:5;'O' - variable not defined
2;75;D:\ćea.mq4;219:7;'y' - variable not defined
2;75;D:\ćea.mq4;220:5;'o' - variable not defined
2;75;D:\ćea.mq4;220:7;'y' - variable not defined
2;75;D:\ćea.mq4;222:5;'W' - variable not defined
2;75;D:\ćea.mq4;222:7;'y' - variable not defined
2;75;D:\ćea.mq4;223:5;'w' - variable not defined
2;75;D:\ćea.mq4;223:7;'y' - variable not defined
2;75;D:\ćea.mq4;233:5;'iZ' - variable not defined
2;75;D:\ćea.mq4;233:8;'y' - variable not defined
2;75;D:\ćea.mq4;234:5;'iz' - variable not defined
2;75;D:\ćea.mq4;234:8;'y' - variable not defined
2;75;D:\ćea.mq4;235:5;'iW' - variable not defined
2;75;D:\ćea.mq4;235:8;'y' - variable not defined
2;75;D:\ćea.mq4;236:5;'iw' - variable not defined
2;75;D:\ćea.mq4;236:8;'y' - variable not defined
2;75;D:\ćea.mq4;237:5;'iO' - variable not defined
2;75;D:\ćea.mq4;237:8;'y' - variable not defined
2;75;D:\ćea.mq4;238:5;'io' - variable not defined
2;75;D:\ćea.mq4;238:8;'y' - variable not defined
2;75;D:\ćea.mq4;240:7;'x' - variable not defined
2;75;D:\ćea.mq4;241:7;'x' - variable not defined
2;75;D:\ćea.mq4;242:7;'y' - variable not defined
2;75;D:\ćea.mq4;243:7;'y' - variable not defined
2;69;D:\ćea.mq4;256:13;'i' - variable already defined
2;69;D:\ćea.mq4;277:13;'i' - variable already defined
2;69;D:\ćea.mq4;281:13;'i' - variable already defined
2;69;D:\ćea.mq4;304:13;'i' - variable already defined
2;69;D:\ćea.mq4;309:13;'i' - variable already defined
2;69;D:\ćea.mq4;327:13;'i' - variable already defined
2;69;D:\ćea.mq4;339:13;'i' - variable already defined
2;69;D:\ćea.mq4;351:13;'i' - variable already defined
2;69;D:\ćea.mq4;363:13;'i' - variable already defined
2;69;D:\ćea.mq4;375:13;'i' - variable already defined
2;69;D:\ćea.mq4;387:13;'i' - variable already defined
2;69;D:\ćea.mq4;399:13;'i' - variable already defined
2;69;D:\ćea.mq4;415:13;'i' - variable already defined
2;69;D:\ćea.mq4;427:13;'i' - variable already defined
2;69;D:\ćea.mq4;444:13;'i' - variable already defined
2;69;D:\ćea.mq4;448:13;'i' - variable already defined
2;69;D:\ćea.mq4;452:13;'i' - variable already defined
2;75;D:\ćea.mq4;452:66;'MODE_CHIKOUSPAN' - variable not defined
2;69;D:\ćea.mq4;456:13;'i' - variable already defined
2;69;D:\ćea.mq4;460:13;'i' - variable already defined
2;75;D:\ćea.mq4;476:24;'y' - variable not defined
2;75;D:\ćea.mq4;476:57;'f' - variable not defined
2;75;D:\ćea.mq4;476:59;'gf' - variable not defined
2;75;D:\ćea.mq4;477:29;'y' - variable not defined
2;75;D:\ćea.mq4;477:62;'f' - variable not defined
2;75;D:\ćea.mq4;477:64;'gf' - variable not defined
2;75;D:\ćea.mq4;478:39;'f' - variable not defined
2;75;D:\ćea.mq4;478:41;'gf' - variable not defined
2;75;D:\ćea.mq4;480:31;'f' - variable not defined
2;75;D:\ćea.mq4;480:33;'gf' - variable not defined
2;75;D:\ćea.mq4;480:61;'g' - variable not defined
2;75;D:\ćea.mq4;480:63;'gf' - variable not defined
2;75;D:\ćea.mq4;481:15;'f' - variable not defined
2;75;D:\ćea.mq4;481:17;'gf' - variable not defined
2;75;D:\ćea.mq4;481:29;'f' - variable not defined
2;75;D:\ćea.mq4;481:31;'gf' - variable not defined
2;75;D:\ćea.mq4;482:20;'y' - variable not defined
2;69;D:\ćea.mq4;485:17;'i' - variable already defined
2;75;D:\ćea.mq4;486:15;'y' - variable not defined
2;75;D:\ćea.mq4;493:24;'y' - variable not defined
2;75;D:\ćea.mq4;493:57;'g' - variable not defined
2;75;D:\ćea.mq4;493:59;'gf' - variable not defined
2;75;D:\ćea.mq4;494:29;'y' - variable not defined
2;75;D:\ćea.mq4;494:62;'g' - variable not defined
2;75;D:\ćea.mq4;494:64;'gf' - variable not defined
2;75;D:\ćea.mq4;495:39;'g' - variable not defined
2;75;D:\ćea.mq4;495:41;'gf' - variable not defined
2;75;D:\ćea.mq4;497:31;'f' - variable not defined
2;75;D:\ćea.mq4;497:33;'gf' - variable not defined
2;75;D:\ćea.mq4;497:61;'g' - variable not defined
2;75;D:\ćea.mq4;497:63;'gf' - variable not defined
2;75;D:\ćea.mq4;498:15;'g' - variable not defined
2;75;D:\ćea.mq4;498:17;'gf' - variable not defined
2;75;D:\ćea.mq4;498:29;'g' - variable not defined
2;75;D:\ćea.mq4;498:31;'gf' - variable not defined
2;75;D:\ćea.mq4;499:20;'y' - variable not defined
2;69;D:\ćea.mq4;502:17;'i' - variable already defined
2;75;D:\ćea.mq4;503:15;'y' - variable not defined
2;75;D:\ćea.mq4;510:10;'y' - variable not defined
2;75;D:\ćea.mq4;511:10;'y' - variable not defined
2;75;D:\ćea.mq4;512:11;'y' - variable not defined
2;75;D:\ćea.mq4;513:11;'y' - variable not defined
2;75;D:\ćea.mq4;514:16;'y' - variable not defined
2;75;D:\ćea.mq4;515:17;'y' - variable not defined
2;75;D:\ćea.mq4;525:23;'x' - variable not defined
2;75;D:\ćea.mq4;525:25;'y' - variable not defined
2;75;D:\ćea.mq4;526:23;'y' - variable not defined
2;69;D:\ćea.mq4;527:17;'i' - variable already defined
2;75;D:\ćea.mq4;527:19;'y' - variable not defined
2;75;D:\ćea.mq4;527:25;'x' - variable not defined
2;75;D:\ćea.mq4;527:41;'y' - variable not defined
2;75;D:\ćea.mq4;528:15;'x' - variable not defined
2;75;D:\ćea.mq4;528:17;'y' - variable not defined
2;75;D:\ćea.mq4;539:15;'x' - variable not defined
2;75;D:\ćea.mq4;540:14;'y' - variable not defined
2;75;D:\ćea.mq4;541:14;'y' - variable not defined
2;75;D:\ćea.mq4;542:15;'y' - variable not defined
2;75;D:\ćea.mq4;543:15;'y' - variable not defined
2;75;D:\ćea.mq4;544:20;'y' - variable not defined
2;75;D:\ćea.mq4;545:21;'y' - variable not defined
2;75;D:\ćea.mq4;555:8;'SL' - variable not defined
2;75;D:\ćea.mq4;555:23;'SL' - variable not defined
2;75;D:\ćea.mq4;555:26;'com' - variable not defined
2;75;D:\ćea.mq4;555:39;'SL' - variable not defined
2;75;D:\ćea.mq4;555:42;'com' - variable not defined
2;75;D:\ćea.mq4;556:8;'TP' - variable not defined
2;75;D:\ćea.mq4;556:23;'TP' - variable not defined
2;75;D:\ćea.mq4;556:35;'TP' - variable not defined
2;75;D:\ćea.mq4;572:50;'com' - variable not defined
2;75;D:\ćea.mq4;579:50;'com' - variable not defined
2;75;D:\ćea.mq4;582:22;'SL' - variable not defined
2;75;D:\ćea.mq4;582:31;'com' - variable not defined
2;75;D:\ćea.mq4;586:35;'com' - variable not defined
2;75;D:\ćea.mq4;590:36;'com' - variable not defined
2;75;D:\ćea.mq4;606:56;'clrBlue' - variable not defined
2;75;D:\ćea.mq4;620:56;'clrRed' - variable not defined
2;69;D:\ćea.mq4;650:13;'bTrade' - variable already defined
2;69;D:\ćea.mq4;664:13;'sTrade' - variable already defined
2;75;D:\ćea.mq4;673:29;'_Symbol' - variable not defined
2;75;D:\ćea.mq4;678:29;'_Symbol' - variable not defined
2;75;D:\ćea.mq4;686:29;'_Symbol' - variable not defined
2;75;D:\ćea.mq4;691:29;'_Symbol' - variable not defined
2;75;D:\ćea.mq4;695:30;'y' - variable not defined
2;75;D:\ćea.mq4;695:52;'y' - variable not defined
2;75;D:\ćea.mq4;696:30;'y' - variable not defined
2;75;D:\ćea.mq4;696:52;'y' - variable not defined
2;75;D:\ćea.mq4;699:11;'iZ' - variable not defined
2;75;D:\ćea.mq4;699:17;'iW' - variable not defined
2;75;D:\ćea.mq4;700:16;'iW' - variable not defined
2;75;D:\ćea.mq4;700:22;'iZ' - variable not defined
2;75;D:\ćea.mq4;701:12;'iz' - variable not defined
2;75;D:\ćea.mq4;701:19;'iw' - variable not defined
2;75;D:\ćea.mq4;702:17;'iw' - variable not defined
2;75;D:\ćea.mq4;702:24;'iz' - variable not defined
2;75;D:\ćea.mq4;706:35;'y' - variable not defined
2;75;D:\ćea.mq4;706:66;'y' - variable not defined
2;75;D:\ćea.mq4;707:27;'y' - variable not defined
2;75;D:\ćea.mq4;707:58;'y' - variable not defined
2;75;D:\ćea.mq4;711:23;'O' - variable not defined
2;75;D:\ćea.mq4;711:28;'iO' - variable not defined
2;69;D:\ćea.mq4;712:26;'i' - variable already defined
2;75;D:\ćea.mq4;712:31;'O' - variable not defined
2;75;D:\ćea.mq4;712:36;'iO' - variable not defined
2;69;D:\ćea.mq4;713:22;'i' - variable already defined
2;69;D:\ćea.mq4;714:19;'i' - variable already defined
2;75;D:\ćea.mq4;714:24;'o' - variable not defined
2;75;D:\ćea.mq4;714:29;'io' - variable not defined
2;69;D:\ćea.mq4;715:28;'i' - variable already defined
2;75;D:\ćea.mq4;715:33;'o' - variable not defined
2;75;D:\ćea.mq4;715:38;'io' - variable not defined
2;69;D:\ćea.mq4;716:23;'i' - variable already defined
2;75;D:\ćea.mq4;723:67;'y' - variable not defined
2;75;D:\ćea.mq4;723:94;'y' - variable not defined
2;75;D:\ćea.mq4;724:67;'y' - variable not defined
2;75;D:\ćea.mq4;724:94;'y' - variable not defined
2;75;D:\ćea.mq4;727:11;'y' - variable not defined
2;75;D:\ćea.mq4;727:17;'x' - variable not defined
2;75;D:\ćea.mq4;730:50;'y' - variable not defined
2;75;D:\ćea.mq4;730:122;'y' - variable not defined
2;75;D:\ćea.mq4;733:26;'y' - variable not defined
2;75;D:\ćea.mq4;735:72;'y' - variable not defined
2;75;D:\ćea.mq4;738:54;'y' - variable not defined
2;75;D:\ćea.mq4;741:19;'ba' - variable not defined
2;75;D:\ćea.mq4;745:11;'y' - variable not defined
2;75;D:\ćea.mq4;750:24;'iW' - variable not defined
2;75;D:\ćea.mq4;750:28;'iZ' - variable not defined
2;75;D:\ćea.mq4;750:34;'Z' - variable not defined
2;75;D:\ćea.mq4;751:17;'iw' - variable not defined
2;75;D:\ćea.mq4;752:43;'iz' - variable not defined
2;75;D:\ćea.mq4;752:49;'z' - variable not defined
2;75;D:\ćea.mq4;752:57;'iw' - variable not defined
2;75;D:\ćea.mq4;753:19;'x' - variable not defined
2;69;D:\ćea.mq4;757:17;'i' - variable already defined
2;75;D:\ćea.mq4;757:24;'iZ' - variable not defined
2;75;D:\ćea.mq4;757:28;'iW' - variable not defined
2;75;D:\ćea.mq4;757:34;'W' - variable not defined
2;75;D:\ćea.mq4;758:17;'iz' - variable not defined
2;75;D:\ćea.mq4;759:43;'iw' - variable not defined
2;75;D:\ćea.mq4;759:49;'w' - variable not defined
2;75;D:\ćea.mq4;759:57;'iz' - variable not defined
2;75;D:\ćea.mq4;760:19;'x' - variable not defined
2;75;D:\ćea.mq4;762:13;'y' - variable not defined
2;75;D:\ćea.mq4;766:11;'y' - variable not defined
2;75;D:\ćea.mq4;766:17;'x' - variable not defined
2;75;D:\ćea.mq4;771:26;'y' - variable not defined
2;75;D:\ćea.mq4;773:30;'y' - variable not defined
2;75;D:\ćea.mq4;775:46;'y' - variable not defined
2;75;D:\ćea.mq4;781:26;'y' - variable not defined
2;75;D:\ćea.mq4;784:30;'y' - variable not defined
2;75;D:\ćea.mq4;786:36;'y' - variable not defined
2;75;D:\ćea.mq4;790:28;'y' - variable not defined
2;75;D:\ćea.mq4;790:56;'y' - variable not defined
2;75;D:\ćea.mq4;790:80;'y' - variable not defined
2;75;D:\ćea.mq4;790:98;'y' - variable not defined
2;75;D:\ćea.mq4;790:113;'y' - variable not defined
2;75;D:\ćea.mq4;790:130;'y' - variable not defined
2;75;D:\ćea.mq4;790:148;'y' - variable not defined
2;75;D:\ćea.mq4;793:26;'y' - variable not defined
2;75;D:\ćea.mq4;795:32;'y' - variable not defined
2;75;D:\ćea.mq4;801:36;'O' - variable not defined
2;75;D:\ćea.mq4;801:39;'y' - variable not defined
2;75;D:\ćea.mq4;801:53;'O' - variable not defined
2;75;D:\ćea.mq4;801:60;'O' - variable not defined
2;75;D:\ćea.mq4;801:63;'x' - variable not defined
2;75;D:\ćea.mq4;803:19;'O' - variable not defined
2;75;D:\ćea.mq4;803:22;'y' - variable not defined
2;75;D:\ćea.mq4;803:36;'O' - variable not defined
2;75;D:\ćea.mq4;803:39;'y' - variable not defined
2;75;D:\ćea.mq4;805:19;'O' - variable not defined
2;75;D:\ćea.mq4;808:64;'O' - variable not defined
2;75;D:\ćea.mq4;812:65;'O' - variable not defined
2;75;D:\ćea.mq4;815:19;'O' - variable not defined
2;75;D:\ćea.mq4;815:22;'y' - variable not defined
2;75;D:\ćea.mq4;815:37;'O' - variable not defined
2;75;D:\ćea.mq4;815:40;'y' - variable not defined
2;75;D:\ćea.mq4;817:19;'O' - variable not defined
2;75;D:\ćea.mq4;820:65;'O' - variable not defined
2;75;D:\ćea.mq4;824:64;'O' - variable not defined
2;75;D:\ćea.mq4;828:36;'o' - variable not defined
2;75;D:\ćea.mq4;828:39;'y' - variable not defined
2;75;D:\ćea.mq4;828:53;'o' - variable not defined
2;75;D:\ćea.mq4;828:60;'o' - variable not defined
2;75;D:\ćea.mq4;828:63;'x' - variable not defined
2;75;D:\ćea.mq4;830:19;'o' - variable not defined
2;75;D:\ćea.mq4;830:22;'y' - variable not defined
2;75;D:\ćea.mq4;830:36;'o' - variable not defined
2;75;D:\ćea.mq4;830:39;'y' - variable not defined
2;75;D:\ćea.mq4;832:19;'o' - variable not defined
2;75;D:\ćea.mq4;835:64;'o' - variable not defined
2;75;D:\ćea.mq4;839:65;'o' - variable not defined
2;75;D:\ćea.mq4;842:19;'o' - variable not defined
2;75;D:\ćea.mq4;842:22;'y' - variable not defined
2;75;D:\ćea.mq4;842:37;'o' - variable not defined
2;75;D:\ćea.mq4;842:40;'y' - variable not defined
2;75;D:\ćea.mq4;844:19;'o' - variable not defined
2;75;D:\ćea.mq4;847:65;'o' - variable not defined
2;75;D:\ćea.mq4;851:64;'o' - variable not defined
2;75;D:\ćea.mq4;858:36;'O' - variable not defined
2;75;D:\ćea.mq4;858:39;'y' - variable not defined
2;75;D:\ćea.mq4;858:53;'O' - variable not defined
2;75;D:\ćea.mq4;858:60;'O' - variable not defined
2;75;D:\ćea.mq4;858:63;'x' - variable not defined
2;75;D:\ćea.mq4;860:19;'O' - variable not defined
2;75;D:\ćea.mq4;860:22;'y' - variable not defined
2;75;D:\ćea.mq4;860:36;'O' - variable not defined
2;75;D:\ćea.mq4;860:39;'y' - variable not defined
2;75;D:\ćea.mq4;862:19;'O' - variable not defined
2;75;D:\ćea.mq4;865:64;'O' - variable not defined
2;75;D:\ćea.mq4;869:65;'O' - variable not defined
2;75;D:\ćea.mq4;872:19;'O' - variable not defined
2;75;D:\ćea.mq4;872:22;'y' - variable not defined
2;75;D:\ćea.mq4;872:37;'O' - variable not defined
2;75;D:\ćea.mq4;872:40;'y' - variable not defined
2;75;D:\ćea.mq4;874:19;'O' - variable not defined
2;75;D:\ćea.mq4;877:65;'O' - variable not defined
2;75;D:\ćea.mq4;881:58;'O' - variable not defined
2;75;D:\ćea.mq4;885:36;'o' - variable not defined
2;75;D:\ćea.mq4;885:39;'y' - variable not defined
2;75;D:\ćea.mq4;885:53;'o' - variable not defined
2;75;D:\ćea.mq4;885:60;'o' - variable not defined
2;75;D:\ćea.mq4;885:63;'x' - variable not defined
2;75;D:\ćea.mq4;887:19;'o' - variable not defined
2;75;D:\ćea.mq4;887:22;'y' - variable not defined
2;75;D:\ćea.mq4;887:36;'o' - variable not defined
2;75;D:\ćea.mq4;887:39;'y' - variable not defined
2;75;D:\ćea.mq4;889:19;'o' - variable not defined
2;75;D:\ćea.mq4;892:58;'o' - variable not defined
2;75;D:\ćea.mq4;896:59;'o' - variable not defined
2;75;D:\ćea.mq4;899:19;'o' - variable not defined
2;75;D:\ćea.mq4;899:22;'y' - variable not defined
2;75;D:\ćea.mq4;899:37;'o' - variable not defined
2;75;D:\ćea.mq4;899:40;'y' - variable not defined
2;75;D:\ćea.mq4;901:19;'o' - variable not defined
2;75;D:\ćea.mq4;904:59;'o' - variable not defined
2;75;D:\ćea.mq4;908:58;'o' - variable not defined
2;75;D:\ćea.mq4;913:34;'ba' - variable not defined
2;75;D:\ćea.mq4;917:17;'iz' - variable not defined
2;75;D:\ćea.mq4;917:26;'iz' - variable not defined
2;75;D:\ćea.mq4;917:36;'iZ' - variable not defined
2;75;D:\ćea.mq4;917:45;'iZ' - variable not defined
2;75;D:\ćea.mq4;917:49;'iz' - variable not defined
2;75;D:\ćea.mq4;917:55;'iZ' - variable not defined
2;75;D:\ćea.mq4;917:59;'iz' - variable not defined
2;75;D:\ćea.mq4;917:68;'iZ' - variable not defined
2;75;D:\ćea.mq4;917:72;'iz' - variable not defined
2;75;D:\ćea.mq4;917:75;'io' - variable not defined
2;75;D:\ćea.mq4;917:83;'io' - variable not defined
2;75;D:\ćea.mq4;917:87;'y' - variable not defined
2;75;D:\ćea.mq4;917:151;'iz' - variable not defined
2;75;D:\ćea.mq4;917:160;'iz' - variable not defined
2;75;D:\ćea.mq4;917:172;'iz' - variable not defined
2;75;D:\ćea.mq4;917:175;'io' - variable not defined
2;75;D:\ćea.mq4;917:183;'io' - variable not defined
2;75;D:\ćea.mq4;917:187;'y' - variable not defined
2;75;D:\ćea.mq4;917:242;'iz' - variable not defined
2;75;D:\ćea.mq4;917:246;'y' - variable not defined
2;75;D:\ćea.mq4;919:19;'iz' - variable not defined
2;75;D:\ćea.mq4;922:66;'iZ' - variable not defined
2;75;D:\ćea.mq4;922:82;'iz' - variable not defined
2;75;D:\ćea.mq4;926:67;'iZ' - variable not defined
2;75;D:\ćea.mq4;926:83;'iz' - variable not defined
2;75;D:\ćea.mq4;929:22;'iO' - variable not defined
2;75;D:\ćea.mq4;929:31;'iO' - variable not defined
2;75;D:\ćea.mq4;929:41;'iZ' - variable not defined
2;75;D:\ćea.mq4;929:50;'iZ' - variable not defined
2;75;D:\ćea.mq4;929:54;'iO' - variable not defined
2;75;D:\ćea.mq4;929:60;'iZ' - variable not defined
2;75;D:\ćea.mq4;929:64;'iO' - variable not defined
2;75;D:\ćea.mq4;929:73;'iZ' - variable not defined
2;75;D:\ćea.mq4;929:77;'iO' - variable not defined
2;75;D:\ćea.mq4;929:80;'io' - variable not defined
2;75;D:\ćea.mq4;929:88;'io' - variable not defined
2;75;D:\ćea.mq4;929:92;'y' - variable not defined
2;75;D:\ćea.mq4;929:156;'iO' - variable not defined
2;75;D:\ćea.mq4;929:165;'iO' - variable not defined
2;75;D:\ćea.mq4;929:177;'iO' - variable not defined
2;75;D:\ćea.mq4;929:180;'io' - variable not defined
2;75;D:\ćea.mq4;929:188;'io' - variable not defined
2;75;D:\ćea.mq4;929:192;'y' - variable not defined
2;75;D:\ćea.mq4;929:247;'iO' - variable not defined
2;75;D:\ćea.mq4;929:251;'y' - variable not defined
2;75;D:\ćea.mq4;931:19;'iO' - variable not defined
2;75;D:\ćea.mq4;934:66;'o' - variable not defined
2;75;D:\ćea.mq4;934:73;'iZ' - variable not defined
2;75;D:\ćea.mq4;934:89;'iO' - variable not defined
2;75;D:\ćea.mq4;938:65;'o' - variable not defined
2;75;D:\ćea.mq4;938:72;'iZ' - variable not defined
2;75;D:\ćea.mq4;938:88;'iO' - variable not defined
2;75;D:\ćea.mq4;941:17;'iw' - variable not defined
2;75;D:\ćea.mq4;941:26;'iw' - variable not defined
2;75;D:\ćea.mq4;941:36;'iW' - variable not defined
2;75;D:\ćea.mq4;941:45;'iW' - variable not defined
2;75;D:\ćea.mq4;941:49;'iw' - variable not defined
2;75;D:\ćea.mq4;941:55;'iW' - variable not defined
2;75;D:\ćea.mq4;941:59;'iw' - variable not defined
2;75;D:\ćea.mq4;941:68;'iW' - variable not defined
2;75;D:\ćea.mq4;941:72;'iw' - variable not defined
2;75;D:\ćea.mq4;941:75;'io' - variable not defined
2;75;D:\ćea.mq4;941:83;'io' - variable not defined
2;75;D:\ćea.mq4;941:87;'y' - variable not defined
2;75;D:\ćea.mq4;941:151;'iw' - variable not defined
2;75;D:\ćea.mq4;941:160;'iw' - variable not defined
2;75;D:\ćea.mq4;941:172;'iw' - variable not defined
2;75;D:\ćea.mq4;941:175;'io' - variable not defined
2;75;D:\ćea.mq4;941:183;'io' - variable not defined
2;75;D:\ćea.mq4;941:187;'y' - variable not defined
2;75;D:\ćea.mq4;941:242;'iw' - variable not defined
2;75;D:\ćea.mq4;941:246;'y' - variable not defined
2;75;D:\ćea.mq4;943:19;'iw' - variable not defined
2;75;D:\ćea.mq4;946:67;'iW' - variable not defined
2;75;D:\ćea.mq4;946:83;'iw' - variable not defined
2;75;D:\ćea.mq4;950:66;'iW' - variable not defined
2;75;D:\ćea.mq4;950:82;'iw' - variable not defined
2;75;D:\ćea.mq4;953:22;'iO' - variable not defined
2;75;D:\ćea.mq4;953:31;'iO' - variable not defined
2;75;D:\ćea.mq4;953:41;'iW' - variable not defined
2;75;D:\ćea.mq4;953:50;'iW' - variable not defined
2;75;D:\ćea.mq4;953:54;'iO' - variable not defined
2;75;D:\ćea.mq4;953:60;'iW' - variable not defined
2;75;D:\ćea.mq4;953:64;'iO' - variable not defined
2;75;D:\ćea.mq4;953:73;'iW' - variable not defined
2;75;D:\ćea.mq4;953:77;'iO' - variable not defined
2;75;D:\ćea.mq4;953:80;'io' - variable not defined
2;75;D:\ćea.mq4;953:88;'io' - variable not defined
2;75;D:\ćea.mq4;953:92;'y' - variable not defined
2;75;D:\ćea.mq4;953:156;'iO' - variable not defined
2;75;D:\ćea.mq4;953:165;'iO' - variable not defined
2;75;D:\ćea.mq4;953:177;'iO' - variable not defined
2;75;D:\ćea.mq4;953:180;'io' - variable not defined
2;75;D:\ćea.mq4;953:188;'io' - variable not defined
2;75;D:\ćea.mq4;953:192;'y' - variable not defined
2;75;D:\ćea.mq4;953:247;'iO' - variable not defined
2;75;D:\ćea.mq4;953:251;'y' - variable not defined
2;75;D:\ćea.mq4;955:19;'iO' - variable not defined
2;75;D:\ćea.mq4;958:65;'o' - variable not defined
2;75;D:\ćea.mq4;958:72;'iW' - variable not defined
2;75;D:\ćea.mq4;958:88;'iO' - variable not defined
2;75;D:\ćea.mq4;962:66;'o' - variable not defined
2;75;D:\ćea.mq4;962:73;'iW' - variable not defined
2;75;D:\ćea.mq4;962:89;'iO' - variable not defined
2;75;D:\ćea.mq4;968:17;'iz' - variable not defined
2;75;D:\ćea.mq4;968:26;'iz' - variable not defined
2;75;D:\ćea.mq4;968:36;'iZ' - variable not defined
2;75;D:\ćea.mq4;968:45;'iZ' - variable not defined
2;75;D:\ćea.mq4;968:49;'iz' - variable not defined
2;75;D:\ćea.mq4;968:55;'iZ' - variable not defined
2;75;D:\ćea.mq4;968:59;'iz' - variable not defined
2;75;D:\ćea.mq4;968:68;'iZ' - variable not defined
2;75;D:\ćea.mq4;968:72;'iz' - variable not defined
2;75;D:\ćea.mq4;968:75;'io' - variable not defined
2;75;D:\ćea.mq4;968:83;'io' - variable not defined
2;75;D:\ćea.mq4;968:87;'y' - variable not defined
2;75;D:\ćea.mq4;968:151;'iz' - variable not defined
2;75;D:\ćea.mq4;968:160;'iz' - variable not defined
2;75;D:\ćea.mq4;968:172;'iz' - variable not defined
2;75;D:\ćea.mq4;968:175;'io' - variable not defined
2;75;D:\ćea.mq4;968:183;'io' - variable not defined
2;75;D:\ćea.mq4;968:187;'y' - variable not defined
2;75;D:\ćea.mq4;968:242;'iz' - variable not defined
2;75;D:\ćea.mq4;968:246;'y' - variable not defined
2;75;D:\ćea.mq4;970:19;'iz' - variable not defined
2;75;D:\ćea.mq4;973:66;'iZ' - variable not defined
2;75;D:\ćea.mq4;973:82;'iz' - variable not defined
2;75;D:\ćea.mq4;977:67;'iZ' - variable not defined
2;75;D:\ćea.mq4;977:83;'iz' - variable not defined
2;75;D:\ćea.mq4;980:22;'iO' - variable not defined
2;75;D:\ćea.mq4;980:31;'iO' - variable not defined
2;75;D:\ćea.mq4;980:41;'iZ' - variable not defined
2;75;D:\ćea.mq4;980:50;'iZ' - variable not defined
2;75;D:\ćea.mq4;980:54;'iO' - variable not defined
2;75;D:\ćea.mq4;980:60;'iZ' - variable not defined
2;75;D:\ćea.mq4;980:64;'iO' - variable not defined
2;75;D:\ćea.mq4;980:73;'iZ' - variable not defined
2;75;D:\ćea.mq4;980:77;'iO' - variable not defined
2;75;D:\ćea.mq4;980:80;'io' - variable not defined
2;75;D:\ćea.mq4;980:88;'io' - variable not defined
2;75;D:\ćea.mq4;980:92;'y' - variable not defined
2;75;D:\ćea.mq4;980:156;'iO' - variable not defined
2;75;D:\ćea.mq4;980:165;'iO' - variable not defined
2;75;D:\ćea.mq4;980:177;'iO' - variable not defined
2;75;D:\ćea.mq4;980:180;'io' - variable not defined
2;75;D:\ćea.mq4;980:188;'io' - variable not defined
2;75;D:\ćea.mq4;980:192;'y' - variable not defined
2;75;D:\ćea.mq4;980:247;'iO' - variable not defined
2;75;D:\ćea.mq4;980:251;'y' - variable not defined
2;75;D:\ćea.mq4;982:19;'iO' - variable not defined
2;75;D:\ćea.mq4;985:66;'o' - variable not defined
2;75;D:\ćea.mq4;985:73;'iZ' - variable not defined
2;75;D:\ćea.mq4;985:89;'iO' - variable not defined
2;75;D:\ćea.mq4;989:65;'o' - variable not defined
2;75;D:\ćea.mq4;989:72;'iZ' - variable not defined
2;75;D:\ćea.mq4;989:88;'iO' - variable not defined
2;75;D:\ćea.mq4;992:17;'iw' - variable not defined
2;75;D:\ćea.mq4;992:26;'iw' - variable not defined
2;75;D:\ćea.mq4;992:36;'iW' - variable not defined
2;75;D:\ćea.mq4;992:45;'iW' - variable not defined
2;75;D:\ćea.mq4;992:49;'iw' - variable not defined
2;75;D:\ćea.mq4;992:55;'iW' - variable not defined
2;75;D:\ćea.mq4;992:59;'iw' - variable not defined
2;75;D:\ćea.mq4;992:68;'iW' - variable not defined
2;75;D:\ćea.mq4;992:72;'iw' - variable not defined
2;75;D:\ćea.mq4;992:75;'io' - variable not defined
2;75;D:\ćea.mq4;992:83;'io' - variable not defined
2;75;D:\ćea.mq4;992:87;'y' - variable not defined
2;75;D:\ćea.mq4;992:151;'iw' - variable not defined
2;75;D:\ćea.mq4;992:160;'iw' - variable not defined
2;75;D:\ćea.mq4;992:172;'iw' - variable not defined
2;75;D:\ćea.mq4;992:175;'io' - variable not defined
2;75;D:\ćea.mq4;992:183;'io' - variable not defined
2;75;D:\ćea.mq4;992:187;'y' - variable not defined
2;75;D:\ćea.mq4;992:242;'iw' - variable not defined
2;75;D:\ćea.mq4;992:246;'y' - variable not defined
2;75;D:\ćea.mq4;994:19;'iw' - variable not defined
2;75;D:\ćea.mq4;997:67;'iW' - variable not defined
2;75;D:\ćea.mq4;997:83;'iw' - variable not defined
2;75;D:\ćea.mq4;1001:66;'iW' - variable not defined
2;75;D:\ćea.mq4;1001:82;'iw' - variable not defined
2;75;D:\ćea.mq4;1004:22;'iO' - variable not defined
2;75;D:\ćea.mq4;1004:31;'iO' - variable not defined
2;75;D:\ćea.mq4;1004:41;'iW' - variable not defined
2;75;D:\ćea.mq4;1004:50;'iW' - variable not defined
2;75;D:\ćea.mq4;1004:54;'iO' - variable not defined
2;75;D:\ćea.mq4;1004:60;'iW' - variable not defined
2;75;D:\ćea.mq4;1004:64;'iO' - variable not defined
2;75;D:\ćea.mq4;1004:73;'iW' - variable not defined
2;75;D:\ćea.mq4;1004:77;'iO' - variable not defined
2;75;D:\ćea.mq4;1004:80;'io' - variable not defined
2;75;D:\ćea.mq4;1004:88;'io' - variable not defined
2;75;D:\ćea.mq4;1004:92;'y' - variable not defined
2;75;D:\ćea.mq4;1004:156;'iO' - variable not defined
2;75;D:\ćea.mq4;1004:165;'iO' - variable not defined
2;75;D:\ćea.mq4;1004:177;'iO' - variable not defined
2;75;D:\ćea.mq4;1004:180;'io' - variable not defined
2;75;D:\ćea.mq4;1004:188;'io' - variable not defined
2;75;D:\ćea.mq4;1004:192;'y' - variable not defined
2;75;D:\ćea.mq4;1004:247;'iO' - variable not defined
2;75;D:\ćea.mq4;1004:251;'y' - variable not defined
2;75;D:\ćea.mq4;1006:19;'iO' - variable not defined
2;75;D:\ćea.mq4;1009:65;'o' - variable not defined
2;75;D:\ćea.mq4;1009:72;'iW' - variable not defined
2;75;D:\ćea.mq4;1009:88;'iO' - variable not defined
2;75;D:\ćea.mq4;1013:66;'o' - variable not defined
2;75;D:\ćea.mq4;1013:73;'iW' - variable not defined
2;75;D:\ćea.mq4;1013:89;'iO' - variable not defined
2;75;D:\ćea.mq4;1018:25;'y' - variable not defined
2;75;D:\ćea.mq4;1019:24;'y' - variable not defined
2;75;D:\ćea.mq4;1020:26;'y' - variable not defined
2;75;D:\ćea.mq4;1021:25;'y' - variable not defined
2;75;D:\ćea.mq4;1035:53;'com' - variable not defined
2;75;D:\ćea.mq4;1040:53;'com' - variable not defined
2;75;D:\ćea.mq4;1047:94;'y' - variable not defined
2;75;D:\ćea.mq4;1047:128;'y' - variable not defined
2;75;D:\ćea.mq4;1052:94;'y' - variable not defined
2;75;D:\ćea.mq4;1052:128;'y' - variable not defined
2;75;D:\ćea.mq4;1092:12;'ba' - variable not defined
2;75;D:\ćea.mq4;1092:20;'ba' - variable not defined
2;75;D:\ćea.mq4;1100:21;'io' - variable not defined
2;75;D:\ćea.mq4;1100:27;'z' - variable not defined
2;75;D:\ćea.mq4;1100:29;'o' - variable not defined
2;75;D:\ćea.mq4;1100:39;'iO' - variable not defined
2;75;D:\ćea.mq4;1100:45;'Z' - variable not defined
2;75;D:\ćea.mq4;1100:47;'O' - variable not defined
2;75;D:\ćea.mq4;1100:57;'iz' - variable not defined
2;75;D:\ćea.mq4;1100:63;'Z' - variable not defined
2;75;D:\ćea.mq4;1100:65;'z' - variable not defined
2;75;D:\ćea.mq4;1100:75;'iZ' - variable not defined
2;75;D:\ćea.mq4;1100:81;'Z' - variable not defined
2;75;D:\ćea.mq4;1100:83;'z' - variable not defined
2;75;D:\ćea.mq4;1104:128;'iZ' - variable not defined
2;75;D:\ćea.mq4;1104:135;'iz' - variable not defined
2;75;D:\ćea.mq4;1104:142;'iO' - variable not defined
2;75;D:\ćea.mq4;1104:149;'io' - variable not defined
2;75;D:\ćea.mq4;1108:53;'iZ' - variable not defined
2;75;D:\ćea.mq4;1108:60;'iz' - variable not defined
2;75;D:\ćea.mq4;1108:67;'iO' - variable not defined
2;75;D:\ćea.mq4;1108:74;'io' - variable not defined
2;75;D:\ćea.mq4;1111:26;'io' - variable not defined
2;75;D:\ćea.mq4;1111:35;'iZ' - variable not defined
2;75;D:\ćea.mq4;1111:44;'iz' - variable not defined
2;75;D:\ćea.mq4;1111:53;'iO' - variable not defined
2;75;D:\ćea.mq4;1115:50;'iZ' - variable not defined
2;75;D:\ćea.mq4;1115:57;'iz' - variable not defined
2;75;D:\ćea.mq4;1115:64;'iO' - variable not defined
2;75;D:\ćea.mq4;1115:71;'io' - variable not defined
2;75;D:\ćea.mq4;1119:125;'iZ' - variable not defined
2;75;D:\ćea.mq4;1119:132;'iz' - variable not defined
2;75;D:\ćea.mq4;1119:139;'iO' - variable not defined
2;75;D:\ćea.mq4;1119:146;'io' - variable not defined
2;75;D:\ćea.mq4;1125:21;'io' - variable not defined
2;75;D:\ćea.mq4;1125:27;'z' - variable not defined
2;75;D:\ćea.mq4;1125:29;'o' - variable not defined
2;75;D:\ćea.mq4;1125:39;'iO' - variable not defined
2;75;D:\ćea.mq4;1125:45;'Z' - variable not defined
2;75;D:\ćea.mq4;1125:47;'O' - variable not defined
2;75;D:\ćea.mq4;1125:57;'iz' - variable not defined
2;75;D:\ćea.mq4;1125:63;'Z' - variable not defined
2;75;D:\ćea.mq4;1125:65;'z' - variable not defined
2;75;D:\ćea.mq4;1125:75;'iZ' - variable not defined
2;75;D:\ćea.mq4;1125:81;'Z' - variable not defined
2;75;D:\ćea.mq4;1125:83;'z' - variable not defined
2;75;D:\ćea.mq4;1129:128;'iZ' - variable not defined
2;75;D:\ćea.mq4;1129:135;'iz' - variable not defined
2;75;D:\ćea.mq4;1129:142;'iO' - variable not defined
2;75;D:\ćea.mq4;1129:149;'io' - variable not defined
2;75;D:\ćea.mq4;1133:53;'iZ' - variable not defined
2;75;D:\ćea.mq4;1133:60;'iz' - variable not defined
2;75;D:\ćea.mq4;1133:67;'iO' - variable not defined
2;75;D:\ćea.mq4;1133:74;'io' - variable not defined
2;75;D:\ćea.mq4;1136:26;'io' - variable not defined
2;75;D:\ćea.mq4;1136:35;'iZ' - variable not defined
2;75;D:\ćea.mq4;1136:44;'iz' - variable not defined
2;75;D:\ćea.mq4;1136:53;'iO' - variable not defined
2;75;D:\ćea.mq4;1140:50;'iZ' - variable not defined
2;75;D:\ćea.mq4;1140:57;'iz' - variable not defined
2;75;D:\ćea.mq4;1140:64;'iO' - variable not defined
2;75;D:\ćea.mq4;1140:71;'io' - variable not defined
2;75;D:\ćea.mq4;1144:125;'iZ' - variable not defined
2;75;D:\ćea.mq4;1144:132;'iz' - variable not defined
2;75;D:\ćea.mq4;1144:139;'iO' - variable not defined
2;75;D:\ćea.mq4;1144:146;'io' - variable not defined
2;75;D:\ćea.mq4;1157:21;'io' - variable not defined
2;75;D:\ćea.mq4;1157:27;'w' - variable not defined
2;75;D:\ćea.mq4;1157:29;'o' - variable not defined
2;75;D:\ćea.mq4;1157:39;'iO' - variable not defined
2;75;D:\ćea.mq4;1157:45;'W' - variable not defined
2;75;D:\ćea.mq4;1157:47;'O' - variable not defined
2;75;D:\ćea.mq4;1157:57;'iw' - variable not defined
2;75;D:\ćea.mq4;1157:63;'W' - variable not defined
2;75;D:\ćea.mq4;1157:65;'w' - variable not defined
2;75;D:\ćea.mq4;1157:75;'iW' - variable not defined
2;75;D:\ćea.mq4;1157:81;'W' - variable not defined
2;75;D:\ćea.mq4;1157:83;'w' - variable not defined
2;75;D:\ćea.mq4;1161:133;'iW' - variable not defined
2;75;D:\ćea.mq4;1161:140;'iw' - variable not defined
2;75;D:\ćea.mq4;1161:147;'iO' - variable not defined
2;75;D:\ćea.mq4;1161:154;'io' - variable not defined
2;75;D:\ćea.mq4;1165:60;'iW' - variable not defined
2;75;D:\ćea.mq4;1165:67;'iw' - variable not defined
2;75;D:\ćea.mq4;1165:74;'iO' - variable not defined
2;75;D:\ćea.mq4;1165:81;'io' - variable not defined
2;75;D:\ćea.mq4;1168:26;'io' - variable not defined
2;75;D:\ćea.mq4;1168:35;'iW' - variable not defined
2;75;D:\ćea.mq4;1168:44;'iw' - variable not defined
2;75;D:\ćea.mq4;1168:53;'iO' - variable not defined
2;75;D:\ćea.mq4;1172:51;'iW' - variable not defined
2;75;D:\ćea.mq4;1172:58;'iw' - variable not defined
2;75;D:\ćea.mq4;1172:65;'iO' - variable not defined
2;75;D:\ćea.mq4;1172:72;'io' - variable not defined
2;75;D:\ćea.mq4;1176:124;'iW' - variable not defined
2;75;D:\ćea.mq4;1176:131;'iw' - variable not defined
2;75;D:\ćea.mq4;1176:138;'iO' - variable not defined
2;75;D:\ćea.mq4;1176:145;'io' - variable not defined
2;75;D:\ćea.mq4;1182:21;'io' - variable not defined
2;75;D:\ćea.mq4;1182:27;'w' - variable not defined
2;75;D:\ćea.mq4;1182:29;'o' - variable not defined
2;75;D:\ćea.mq4;1182:39;'iO' - variable not defined
2;75;D:\ćea.mq4;1182:45;'W' - variable not defined
2;75;D:\ćea.mq4;1182:47;'O' - variable not defined
2;75;D:\ćea.mq4;1182:57;'iw' - variable not defined
2;75;D:\ćea.mq4;1182:63;'W' - variable not defined
2;75;D:\ćea.mq4;1182:65;'w' - variable not defined
2;75;D:\ćea.mq4;1182:75;'iW' - variable not defined
2;75;D:\ćea.mq4;1182:81;'W' - variable not defined
2;75;D:\ćea.mq4;1182:83;'w' - variable not defined
2;75;D:\ćea.mq4;1186:133;'iW' - variable not defined
2;75;D:\ćea.mq4;1186:140;'iw' - variable not defined
2;75;D:\ćea.mq4;1186:147;'iO' - variable not defined
2;75;D:\ćea.mq4;1186:154;'io' - variable not defined
2;75;D:\ćea.mq4;1190:60;'iW' - variable not defined
2;75;D:\ćea.mq4;1190:67;'iw' - variable not defined
2;75;D:\ćea.mq4;1190:74;'iO' - variable not defined
2;75;D:\ćea.mq4;1190:81;'io' - variable not defined
2;75;D:\ćea.mq4;1193:26;'io' - variable not defined
2;75;D:\ćea.mq4;1193:35;'iW' - variable not defined
2;75;D:\ćea.mq4;1193:44;'iw' - variable not defined
2;75;D:\ćea.mq4;1193:53;'iO' - variable not defined
2;75;D:\ćea.mq4;1197:51;'iW' - variable not defined
2;75;D:\ćea.mq4;1197:58;'iw' - variable not defined
2;75;D:\ćea.mq4;1197:65;'iO' - variable not defined
2;75;D:\ćea.mq4;1197:72;'io' - variable not defined
2;75;D:\ćea.mq4;1201:124;'iW' - variable not defined
2;75;D:\ćea.mq4;1201:131;'iw' - variable not defined
2;75;D:\ćea.mq4;1201:138;'iO' - variable not defined
2;75;D:\ćea.mq4;1201:145;'io' - variable not defined
2;75;D:\ćea.mq4;1210:18;'x' - variable not defined
2;75;D:\ćea.mq4;1210:23;'x' - variable not defined
2;75;D:\ćea.mq4;1210:28;'y' - variable not defined
2;75;D:\ćea.mq4;1210:33;'y' - variable not defined
2;75;D:\ćea.mq4;1210:54;'_Symbol' - variable not defined
2;75;D:\ćea.mq4;1211:15;'x' - variable not defined
2;75;D:\ćea.mq4;1216:24;'iW' - variable not defined
2;75;D:\ćea.mq4;1216:35;'Z' - variable not defined
2;75;D:\ćea.mq4;1216:40;'iZ' - variable not defined
2;75;D:\ćea.mq4;1217:17;'iw' - variable not defined
2;75;D:\ćea.mq4;1218:33;'iz' - variable not defined
2;75;D:\ćea.mq4;1218:42;'iw' - variable not defined
2;75;D:\ćea.mq4;1219:35;'iO' - variable not defined
2;75;D:\ćea.mq4;1219:41;'io' - variable not defined
2;75;D:\ćea.mq4;1219:131;'y' - variable not defined
2;75;D:\ćea.mq4;1219:166;'y' - variable not defined
2;69;D:\ćea.mq4;1223:17;'i' - variable already defined
2;75;D:\ćea.mq4;1223:24;'iZ' - variable not defined
2;75;D:\ćea.mq4;1223:35;'W' - variable not defined
2;75;D:\ćea.mq4;1223:40;'iW' - variable not defined
2;75;D:\ćea.mq4;1224:17;'iz' - variable not defined
2;75;D:\ćea.mq4;1225:33;'iw' - variable not defined
2;75;D:\ćea.mq4;1225:42;'iz' - variable not defined
2;75;D:\ćea.mq4;1226:35;'iO' - variable not defined
2;75;D:\ćea.mq4;1226:41;'io' - variable not defined
2;75;D:\ćea.mq4;1226:131;'y' - variable not defined
2;75;D:\ćea.mq4;1226:166;'y' - variable not defined
2;69;D:\ćea.mq4;1230:13;'s' - variable already defined
2;75;D:\ćea.mq4;1230:15;'x' - variable not defined
2;69;D:\ćea.mq4;1232:13;'js' - variable already defined
2;75;D:\ćea.mq4;1234:13;'x' - variable not defined
2;75;D:\ćea.mq4;1234:18;'x' - variable not defined
2;75;D:\ćea.mq4;1235:9;'Z' - variable not defined
2;75;D:\ćea.mq4;1235:21;'Z' - variable not defined
2;75;D:\ćea.mq4;1235:24;'z' - variable not defined
2;75;D:\ćea.mq4;1235:37;'z' - variable not defined
2;75;D:\ćea.mq4;1235:65;'y' - variable not defined
2;75;D:\ćea.mq4;1235:96;'y' - variable not defined
2;75;D:\ćea.mq4;1235:128;'y' - variable not defined
2;75;D:\ćea.mq4;1236:14;'Z' - variable not defined
2;75;D:\ćea.mq4;1236:26;'Z' - variable not defined
2;75;D:\ćea.mq4;1236:28;'z' - variable not defined
2;75;D:\ćea.mq4;1236:39;'z' - variable not defined
2;75;D:\ćea.mq4;1236:67;'y' - variable not defined
2;75;D:\ćea.mq4;1236:98;'y' - variable not defined
2;75;D:\ćea.mq4;1236:130;'y' - variable not defined
2;75;D:\ćea.mq4;1236:154;'x' - variable not defined
2;75;D:\ćea.mq4;1236:159;'z' - variable not defined
2;75;D:\ćea.mq4;1236:187;'y' - variable not defined
2;75;D:\ćea.mq4;1236:218;'y' - variable not defined
2;75;D:\ćea.mq4;1236:250;'y' - variable not defined
2;75;D:\ćea.mq4;1237:9;'W' - variable not defined
2;75;D:\ćea.mq4;1237:21;'W' - variable not defined
2;75;D:\ćea.mq4;1237:24;'w' - variable not defined
2;75;D:\ćea.mq4;1237:37;'w' - variable not defined
2;75;D:\ćea.mq4;1237:65;'y' - variable not defined
2;75;D:\ćea.mq4;1237:96;'y' - variable not defined
2;75;D:\ćea.mq4;1237:128;'y' - variable not defined
2;75;D:\ćea.mq4;1238:14;'W' - variable not defined
2;75;D:\ćea.mq4;1238:26;'W' - variable not defined
2;75;D:\ćea.mq4;1238:28;'w' - variable not defined
2;75;D:\ćea.mq4;1238:39;'w' - variable not defined
2;75;D:\ćea.mq4;1238:67;'y' - variable not defined
2;75;D:\ćea.mq4;1238:98;'y' - variable not defined
2;75;D:\ćea.mq4;1238:130;'y' - variable not defined
2;75;D:\ćea.mq4;1238:154;'x' - variable not defined
2;75;D:\ćea.mq4;1238:159;'w' - variable not defined
2;75;D:\ćea.mq4;1238:187;'y' - variable not defined
2;75;D:\ćea.mq4;1238:218;'y' - variable not defined
2;75;D:\ćea.mq4;1238:250;'y' - variable not defined
2;75;D:\ćea.mq4;1242:7;'x' - variable not defined
2;75;D:\ćea.mq4;1242:12;'x' - variable not defined
2;75;D:\ćea.mq4;1242:17;'y' - variable not defined
2;75;D:\ćea.mq4;1242:22;'y' - variable not defined
2;75;D:\ćea.mq4;1242:43;'_Symbol' - variable not defined
2;75;D:\ćea.mq4;1243:15;'y' - variable not defined
2;75;D:\ćea.mq4;1249:24;'iW' - variable not defined
2;75;D:\ćea.mq4;1249:37;'Z' - variable not defined
2;75;D:\ćea.mq4;1249:42;'iZ' - variable not defined
2;75;D:\ćea.mq4;1250:17;'iw' - variable not defined
2;75;D:\ćea.mq4;1251:25;'iz' - variable not defined
2;75;D:\ćea.mq4;1251:53;'iz' - variable not defined
2;75;D:\ćea.mq4;1251:62;'iw' - variable not defined
2;75;D:\ćea.mq4;1252:30;'iO' - variable not defined
2;75;D:\ćea.mq4;1252:49;'iO' - variable not defined
2;75;D:\ćea.mq4;1253:95;'y' - variable not defined
2;75;D:\ćea.mq4;1253:130;'y' - variable not defined
2;69;D:\ćea.mq4;1257:17;'i' - variable already defined
2;75;D:\ćea.mq4;1257:24;'iZ' - variable not defined
2;75;D:\ćea.mq4;1257:37;'W' - variable not defined
2;75;D:\ćea.mq4;1257:42;'iW' - variable not defined
2;75;D:\ćea.mq4;1258:17;'iz' - variable not defined
2;75;D:\ćea.mq4;1259:25;'iw' - variable not defined
2;75;D:\ćea.mq4;1259:53;'iw' - variable not defined
2;75;D:\ćea.mq4;1259:62;'iz' - variable not defined
2;75;D:\ćea.mq4;1260:30;'iO' - variable not defined
2;75;D:\ćea.mq4;1260:49;'iO' - variable not defined
2;75;D:\ćea.mq4;1260:55;'io' - variable not defined
2;75;D:\ćea.mq4;1261:95;'y' - variable not defined
2;75;D:\ćea.mq4;1261:130;'y' - variable not defined
2;69;D:\ćea.mq4;1264:13;'s' - variable already defined
2;75;D:\ćea.mq4;1264:21;'y' - variable not defined
2;69;D:\ćea.mq4;1266:13;'js' - variable already defined
2;75;D:\ćea.mq4;1268:13;'y' - variable not defined
2;75;D:\ćea.mq4;1268:18;'y' - variable not defined
2;75;D:\ćea.mq4;1269:9;'Z' - variable not defined
2;75;D:\ćea.mq4;1269:17;'Z' - variable not defined
2;75;D:\ćea.mq4;1269:20;'z' - variable not defined
2;75;D:\ćea.mq4;1269:31;'z' - variable not defined
2;75;D:\ćea.mq4;1269:59;'y' - variable not defined
2;75;D:\ćea.mq4;1269:90;'y' - variable not defined
2;75;D:\ćea.mq4;1269:122;'y' - variable not defined
2;75;D:\ćea.mq4;1270:14;'Z' - variable not defined
2;75;D:\ćea.mq4;1270:22;'Z' - variable not defined
2;75;D:\ćea.mq4;1270:24;'z' - variable not defined
2;75;D:\ćea.mq4;1270:37;'z' - variable not defined
2;75;D:\ćea.mq4;1270:65;'y' - variable not defined
2;75;D:\ćea.mq4;1270:96;'y' - variable not defined
2;75;D:\ćea.mq4;1270:128;'y' - variable not defined
2;75;D:\ćea.mq4;1270:152;'y' - variable not defined
2;75;D:\ćea.mq4;1270:157;'z' - variable not defined
2;75;D:\ćea.mq4;1270:185;'y' - variable not defined
2;75;D:\ćea.mq4;1270:216;'y' - variable not defined
2;75;D:\ćea.mq4;1270:248;'y' - variable not defined
2;75;D:\ćea.mq4;1271:9;'W' - variable not defined
2;75;D:\ćea.mq4;1271:17;'W' - variable not defined
2;75;D:\ćea.mq4;1271:20;'w' - variable not defined
2;75;D:\ćea.mq4;1271:31;'w' - variable not defined
2;75;D:\ćea.mq4;1271:59;'y' - variable not defined
2;75;D:\ćea.mq4;1271:90;'y' - variable not defined
2;75;D:\ćea.mq4;1271:122;'y' - variable not defined
2;75;D:\ćea.mq4;1272:14;'W' - variable not defined
2;75;D:\ćea.mq4;1272:22;'W' - variable not defined
2;75;D:\ćea.mq4;1272:24;'w' - variable not defined
2;75;D:\ćea.mq4;1272:37;'w' - variable not defined
2;75;D:\ćea.mq4;1272:65;'y' - variable not defined
2;75;D:\ćea.mq4;1272:96;'y' - variable not defined
2;75;D:\ćea.mq4;1272:128;'y' - variable not defined
2;75;D:\ćea.mq4;1272:152;'y' - variable not defined
2;75;D:\ćea.mq4;1272:157;'w' - variable not defined
2;75;D:\ćea.mq4;1272:185;'y' - variable not defined
2;75;D:\ćea.mq4;1272:216;'y' - variable not defined
2;75;D:\ćea.mq4;1272:248;'y' - variable not defined
2;75;D:\ćea.mq4;1276:23;'_Symbol' - variable not defined
2;75;D:\ćea.mq4;1277:28;'_Symbol' - variable not defined
2;75;D:\ćea.mq4;1277:36;'SYMBOL_BID' - variable not defined
2;75;D:\ćea.mq4;1290:26;'clrRed' - variable not defined
2;75;D:\ćea.mq4;1291:26;'clrBlue' - variable not defined
2;75;D:\ćea.mq4;1297:23;'x' - variable not defined
2;75;D:\ćea.mq4;1297:25;'y' - variable not defined
2;75;D:\ćea.mq4;1298:23;'x' - variable not defined
2;75;D:\ćea.mq4;1298:25;'y' - variable not defined
2;75;D:\ćea.mq4;1299:24;'x' - variable not defined
2;75;D:\ćea.mq4;1299:26;'y' - variable not defined
2;75;D:\ćea.mq4;1300:24;'x' - variable not defined
2;75;D:\ćea.mq4;1300:26;'y' - variable not defined
2;75;D:\ćea.mq4;1301:29;'x' - variable not defined
2;75;D:\ćea.mq4;1301:31;'y' - variable not defined
2;75;D:\ćea.mq4;1302:30;'x' - variable not defined
2;75;D:\ćea.mq4;1302:32;'y' - variable not defined
2;75;D:\ćea.mq4;1303:28;'x' - variable not defined
2;75;D:\ćea.mq4;1303:30;'y' - variable not defined
2;75;D:\ćea.mq4;1304:15;'y' - variable not defined
2;75;D:\ćea.mq4;1304:21;'x' - variable not defined
2;75;D:\ćea.mq4;1306:23;'iO' - variable not defined
2;75;D:\ćea.mq4;1306:26;'O' - variable not defined
2;75;D:\ćea.mq4;1306:39;'io' - variable not defined
2;75;D:\ćea.mq4;1306:42;'o' - variable not defined
2;75;D:\ćea.mq4;1307:26;'iO' - variable not defined
2;75;D:\ćea.mq4;1307:29;'O' - variable not defined
2;75;D:\ćea.mq4;1307:42;'io' - variable not defined
2;75;D:\ćea.mq4;1307:45;'o' - variable not defined
2;75;D:\ćea.mq4;1308:12;'y' - variable not defined
2;75;D:\ćea.mq4;1310:27;'iO' - variable not defined
2;75;D:\ćea.mq4;1310:30;'O' - variable not defined
2;75;D:\ćea.mq4;1310:43;'io' - variable not defined
2;75;D:\ćea.mq4;1310:46;'o' - variable not defined
2;75;D:\ćea.mq4;1311:13;'iO' - variable not defined
2;75;D:\ćea.mq4;1311:25;'iO' - variable not defined
2;75;D:\ćea.mq4;1311:37;'O' - variable not defined
2;75;D:\ćea.mq4;1311:97;'y' - variable not defined
2;75;D:\ćea.mq4;1311:129;'y' - variable not defined
2;75;D:\ćea.mq4;1312:18;'iO' - variable not defined
2;75;D:\ćea.mq4;1312:29;'iO' - variable not defined
2;75;D:\ćea.mq4;1312:43;'O' - variable not defined
2;75;D:\ćea.mq4;1312:103;'y' - variable not defined
2;75;D:\ćea.mq4;1312:135;'y' - variable not defined
2;75;D:\ćea.mq4;1312:162;'O' - variable not defined
2;75;D:\ćea.mq4;1312:222;'y' - variable not defined
2;75;D:\ćea.mq4;1312:254;'y' - variable not defined
2;75;D:\ćea.mq4;1313:13;'io' - variable not defined
2;75;D:\ćea.mq4;1313:26;'io' - variable not defined
2;75;D:\ćea.mq4;1313:38;'o' - variable not defined
2;75;D:\ćea.mq4;1313:98;'y' - variable not defined
2;75;D:\ćea.mq4;1313:130;'y' - variable not defined
2;75;D:\ćea.mq4;1314:18;'io' - variable not defined
2;75;D:\ćea.mq4;1314:30;'io' - variable not defined
2;75;D:\ćea.mq4;1314:44;'o' - variable not defined
2;75;D:\ćea.mq4;1314:104;'y' - variable not defined
2;75;D:\ćea.mq4;1314:136;'y' - variable not defined
2;75;D:\ćea.mq4;1314:163;'o' - variable not defined
2;75;D:\ćea.mq4;1314:223;'y' - variable not defined
2;75;D:\ćea.mq4;1314:255;'y' - variable not defined
2;75;D:\ćea.mq4;1316:11;'x' - variable not defined
2;75;D:\ćea.mq4;1318:27;'iO' - variable not defined
2;75;D:\ćea.mq4;1318:30;'O' - variable not defined
2;75;D:\ćea.mq4;1318:43;'io' - variable not defined
2;75;D:\ćea.mq4;1318:46;'o' - variable not defined
2;75;D:\ćea.mq4;1319:13;'iO' - variable not defined
2;75;D:\ćea.mq4;1319:29;'iO' - variable not defined
2;75;D:\ćea.mq4;1319:43;'O' - variable not defined
2;75;D:\ćea.mq4;1319:103;'y' - variable not defined
2;75;D:\ćea.mq4;1319:135;'y' - variable not defined
2;75;D:\ćea.mq4;1320:18;'iO' - variable not defined
2;75;D:\ćea.mq4;1320:33;'iO' - variable not defined
2;75;D:\ćea.mq4;1320:45;'O' - variable not defined
2;75;D:\ćea.mq4;1320:105;'y' - variable not defined
2;75;D:\ćea.mq4;1320:137;'y' - variable not defined
2;75;D:\ćea.mq4;1320:161;'x' - variable not defined
2;75;D:\ćea.mq4;1320:166;'o' - variable not defined
2;75;D:\ćea.mq4;1320:226;'y' - variable not defined
2;75;D:\ćea.mq4;1320:258;'y' - variable not defined
2;75;D:\ćea.mq4;1321:13;'io' - variable not defined
2;75;D:\ćea.mq4;1321:30;'io' - variable not defined
2;75;D:\ćea.mq4;1321:44;'o' - variable not defined
2;75;D:\ćea.mq4;1321:104;'y' - variable not defined
2;75;D:\ćea.mq4;1321:136;'y' - variable not defined
2;75;D:\ćea.mq4;1322:18;'io' - variable not defined
2;75;D:\ćea.mq4;1322:34;'io' - variable not defined
2;75;D:\ćea.mq4;1322:46;'o' - variable not defined
2;75;D:\ćea.mq4;1322:106;'y' - variable not defined
2;75;D:\ćea.mq4;1322:138;'y' - variable not defined
2;75;D:\ćea.mq4;1322:162;'x' - variable not defined
2;75;D:\ćea.mq4;1322:167;'o' - variable not defined
2;75;D:\ćea.mq4;1322:227;'y' - variable not defined
2;75;D:\ćea.mq4;1322:259;'y' - variable not defined
2;75;D:\ćea.mq4;1324:8;'Z' - variable not defined
2;75;D:\ćea.mq4;1324:11;'x' - variable not defined
2;75;D:\ćea.mq4;1326:13;'Z' - variable not defined
2;75;D:\ćea.mq4;1326:16;'y' - variable not defined
2;75;D:\ćea.mq4;1326:25;'iZ' - variable not defined
2;75;D:\ćea.mq4;1326:29;'y' - variable not defined
2;75;D:\ćea.mq4;1326:45;'iZ' - variable not defined
2;75;D:\ćea.mq4;1327:20;'iz' - variable not defined
2;75;D:\ćea.mq4;1327:24;'y' - variable not defined
2;75;D:\ćea.mq4;1327:39;'z' - variable not defined
2;75;D:\ćea.mq4;1327:42;'y' - variable not defined
2;75;D:\ćea.mq4;1327:49;'z' - variable not defined
2;75;D:\ćea.mq4;1327:52;'x' - variable not defined
2;75;D:\ćea.mq4;1327:93;'iz' - variable not defined
2;75;D:\ćea.mq4;1328:20;'io' - variable not defined
2;75;D:\ćea.mq4;1328:24;'y' - variable not defined
2;75;D:\ćea.mq4;1328:39;'o' - variable not defined
2;75;D:\ćea.mq4;1328:42;'y' - variable not defined
2;75;D:\ćea.mq4;1328:49;'o' - variable not defined
2;75;D:\ćea.mq4;1328:52;'x' - variable not defined
2;75;D:\ćea.mq4;1328:93;'io' - variable not defined
2;75;D:\ćea.mq4;1329:20;'iO' - variable not defined
2;75;D:\ćea.mq4;1329:24;'y' - variable not defined
2;75;D:\ćea.mq4;1329:39;'O' - variable not defined
2;75;D:\ćea.mq4;1329:42;'y' - variable not defined
2;75;D:\ćea.mq4;1329:49;'O' - variable not defined
2;75;D:\ćea.mq4;1329:52;'x' - variable not defined
2;75;D:\ćea.mq4;1329:93;'iO' - variable not defined
2;75;D:\ćea.mq4;1331:8;'W' - variable not defined
2;75;D:\ćea.mq4;1331:11;'x' - variable not defined
2;75;D:\ćea.mq4;1333:13;'W' - variable not defined
2;75;D:\ćea.mq4;1333:16;'y' - variable not defined
2;75;D:\ćea.mq4;1333:25;'iW' - variable not defined
2;75;D:\ćea.mq4;1333:29;'y' - variable not defined
2;75;D:\ćea.mq4;1333:45;'iW' - variable not defined
2;75;D:\ćea.mq4;1334:20;'iw' - variable not defined
2;75;D:\ćea.mq4;1334:24;'y' - variable not defined
2;75;D:\ćea.mq4;1334:39;'w' - variable not defined
2;75;D:\ćea.mq4;1334:42;'y' - variable not defined
2;75;D:\ćea.mq4;1334:49;'w' - variable not defined
2;75;D:\ćea.mq4;1334:52;'x' - variable not defined
2;75;D:\ćea.mq4;1334:93;'iw' - variable not defined
2;75;D:\ćea.mq4;1335:20;'io' - variable not defined
2;75;D:\ćea.mq4;1335:24;'y' - variable not defined
2;75;D:\ćea.mq4;1335:39;'o' - variable not defined
2;75;D:\ćea.mq4;1335:42;'y' - variable not defined
2;75;D:\ćea.mq4;1335:49;'o' - variable not defined
2;75;D:\ćea.mq4;1335:52;'x' - variable not defined
2;75;D:\ćea.mq4;1335:93;'io' - variable not defined
2;75;D:\ćea.mq4;1336:20;'iO' - variable not defined
2;75;D:\ćea.mq4;1336:24;'y' - variable not defined
2;75;D:\ćea.mq4;1336:39;'O' - variable not defined
2;75;D:\ćea.mq4;1336:42;'y' - variable not defined
2;75;D:\ćea.mq4;1336:49;'O' - variable not defined
2;75;D:\ćea.mq4;1336:52;'x' - variable not defined
2;75;D:\ćea.mq4;1336:93;'iO' - variable not defined
2;75;D:\ćea.mq4;1339:20;'iZ' - variable not defined
2;75;D:\ćea.mq4;1339:26;'Z' - variable not defined
2;75;D:\ćea.mq4;1339:31;'iz' - variable not defined
2;75;D:\ćea.mq4;1339:37;'z' - variable not defined
2;75;D:\ćea.mq4;1339:44;'Z' - variable not defined
2;75;D:\ćea.mq4;1339:47;'y' - variable not defined
2;75;D:\ćea.mq4;1339:58;'z' - variable not defined
2;75;D:\ćea.mq4;1339:61;'y' - variable not defined
2;75;D:\ćea.mq4;1340:13;'iO' - variable not defined
2;75;D:\ćea.mq4;1340:19;'O' - variable not defined
2;75;D:\ćea.mq4;1340:26;'O' - variable not defined
2;75;D:\ćea.mq4;1340:29;'y' - variable not defined
2;75;D:\ćea.mq4;1340:40;'O' - variable not defined
2;75;D:\ćea.mq4;1340:43;'y' - variable not defined
2;75;D:\ćea.mq4;1340:52;'io' - variable not defined
2;75;D:\ćea.mq4;1340:58;'o' - variable not defined
2;75;D:\ćea.mq4;1340:65;'o' - variable not defined
2;75;D:\ćea.mq4;1340:68;'y' - variable not defined
2;75;D:\ćea.mq4;1340:79;'o' - variable not defined
2;75;D:\ćea.mq4;1340:82;'y' - variable not defined
2;75;D:\ćea.mq4;1341:14;'iW' - variable not defined
2;75;D:\ćea.mq4;1341:20;'W' - variable not defined
2;75;D:\ćea.mq4;1341:25;'iw' - variable not defined
2;75;D:\ćea.mq4;1341:31;'w' - variable not defined
2;75;D:\ćea.mq4;1341:38;'W' - variable not defined
2;75;D:\ćea.mq4;1341:41;'y' - variable not defined
2;75;D:\ćea.mq4;1341:52;'w' - variable not defined
2;75;D:\ćea.mq4;1341:55;'y' - variable not defined
